#
# A fatal error has been detected by the Java Runtime Environment:
#
#  SIGSEGV (0xb) at pc=0x00007fd94aa6a8dc, pid=26495, tid=140571247834880
#
# JRE version: 7.0_21-b02
# Java VM: OpenJDK 64-Bit Server VM (23.7-b01 mixed mode linux-amd64 compressed oops)
# Problematic frame:
# C  [_jpype.so+0x4a8dc]  JPJavaEnv::NewObjectA(_jclass*, _jmethodID*, jvalue*)+0x4c
#
# Failed to write core dump. Core dumps have been disabled. To enable core dumping, try "ulimit -c unlimited" before starting Java again
#
# If you would like to submit a bug report, please include
# instructions on how to reproduce the bug and visit:
#   https://bugs.launchpad.net/ubuntu/+source/openjdk-7/
#

---------------  T H R E A D  ---------------

Current thread is native thread

siginfo:si_signo=SIGSEGV: si_errno=0, si_code=1 (SEGV_MAPERR), si_addr=0x0000000000000000

Registers:
RAX=0x00007fd944099b50, RBX=0x00007fd93c325a10, RCX=0x00007fd93c3e5f00, RDX=0x00007fd94b4afa20
RSP=0x00007fd94b4ab480, RBP=0x00007fd93c308d70, RSI=0x0000000000000001, RDI=0x0000000002217b80
R8 =0x00007fd93cb4e1c0, R9 =0x646f6874654d504a, R10=0x64616f6c7265764f, R11=0x656b6f766e693a3a
R12=0x0000000000000000, R13=0x00007fd94acaa940, R14=0x00007fd944099b50, R15=0x00007fd93c3258e8
RIP=0x00007fd94aa6a8dc, EFLAGS=0x0000000000010246, CSGSFS=0x0000000000000033, ERR=0x0000000000000004
  TRAPNO=0x000000000000000e

Top of Stack: (sp=0x00007fd94b4ab480)
0x00007fd94b4ab480:   0000000000000000 00007fd93c3e5f00
0x00007fd94b4ab490:   00007fd93c3e0530 0000000000000000
0x00007fd94b4ab4a0:   0000000000000000 00000000025288e0
0x00007fd94b4ab4b0:   00007fd93c3e0530 00007fd94b4ab790
0x00007fd94b4ab4c0:   00007fd93c360018 00007fd94aa43fb7
0x00007fd94b4ab4d0:   0000000000000000 0000000000000000
0x00007fd94b4ab4e0:   0000000000000000 0000000000000000
0x00007fd94b4ab4f0:   00007fd93c3e5f00 00007fd93c325a10
0x00007fd94b4ab500:   0000000000000000 0000000000000000
0x00007fd94b4ab510:   0000000000000000 0000000000000000
0x00007fd94b4ab520:   00007fd94aca5f30 00007fd93c40db68
0x00007fd94b4ab530:   0000000000000000 0000000000000000
0x00007fd94b4ab540:   0000000000000000 00007fd900000008
0x00007fd94b4ab550:   00007fd94b4ab4c8 00007fd94aa18ae0
0x00007fd94b4ab560:   00007fd94aca70f0 0000000000000000
0x00007fd94b4ab570:   0000000000000000 0000000000000000
0x00007fd94b4ab580:   0000000000000000 0000000000000000
0x00007fd94b4ab590:   0000000000000000 0000000000000000
0x00007fd94b4ab5a0:   0000000000000000 0000000000000000
0x00007fd94b4ab5b0:   000000000051fe20 00000000004dc886
0x00007fd94b4ab5c0:   0000000002205970 00007fd93c107a50
0x00007fd94b4ab5d0:   000000000084a300 00000000008438a0
0x00007fd94b4ab5e0:   00007fd944099b50 0000000000473d2a
0x00007fd94b4ab5f0:   0000000000000000 00000000004cc143
0x00007fd94b4ab600:   000000000083d720 00007fd94e89b030
0x00007fd94b4ab610:   c84409ef4a8aab8c 0000000000000000
0x00007fd94b4ab620:   00007fd93c3e66b8 00007fd94b4ab720
0x00007fd94b4ab630:   00007fd94b4ab750 0000000000000000
0x00007fd94b4ab640:   00007fd93c791d50 00007fd93c791d58
0x00007fd94b4ab650:   00007fd93c791d50 0000000000484c35
0x00007fd94b4ab660:   00007fd944099b50 0000000000000029
0x00007fd94b4ab670:   0000000000000000 00007fd94b4ab750 

Instructions: (pc=0x00007fd94aa6a8dc)
0x00007fd94aa6a8bc:   08 49 89 d7 e8 6b fc ff ff 4c 8b 2d 1c d4 23 00
0x00007fd94aa6a8cc:   49 89 c4 49 8b 7d 00 48 8b 07 ff 50 30 49 89 c6
0x00007fd94aa6a8dc:   49 8b 04 24 48 89 de 4c 89 e7 ff 90 d8 00 00 00
0x00007fd94aa6a8ec:   48 89 c3 48 8b 05 b2 d6 23 00 48 8b 38 e8 c2 fc 

Register to memory mapping:

RAX=0x00007fd944099b50 is an unknown value
RBX=0x00007fd93c325a10 is a global jni handle
RCX=0x00007fd93c3e5f00 is an unknown value
RDX=0x00007fd94b4afa20 is pointing into the stack for thread: 0x00007fd93c08d800
RSP=0x00007fd94b4ab480 is pointing into the stack for thread: 0x00007fd93c08d800
RBP=0x00007fd93c308d70 is an unknown value
RSI=0x0000000000000001 is an unknown value
RDI=0x0000000002217b80 is an unknown value
R8 =0x00007fd93cb4e1c0 is an unknown value
R9 =0x646f6874654d504a is an unknown value
R10=0x64616f6c7265764f is an unknown value
R11=0x656b6f766e693a3a is an unknown value
R12=0x0000000000000000 is an unknown value
R13=0x00007fd94acaa940: _ZN5JPEnv6s_HostE+0 in /usr/local/lib/python2.7/dist-packages/_jpype.so at 0x00007fd94aa20000
R14=0x00007fd944099b50 is an unknown value
R15=0x00007fd93c3258e8 is a weak global jni handle


Stack: [0x00007fd94acaf000,0x00007fd94b4b0000],  sp=0x00007fd94b4ab480,  free space=8177k
Native frames: (J=compiled Java code, j=interpreted, Vv=VM code, C=native code)
C  [_jpype.so+0x4a8dc]  JPJavaEnv::NewObjectA(_jclass*, _jmethodID*, jvalue*)+0x4c


---------------  P R O C E S S  ---------------

VM state:not at safepoint (normal execution)

VM Mutex/Monitor currently owned by a thread: None

Heap
 PSYoungGen      total 34304K, used 1767K [0x00000000d9b60000, 0x00000000dc1a0000, 0x0000000100000000)
  eden space 29440K, 6% used [0x00000000d9b60000,0x00000000d9d19c30,0x00000000db820000)
  from space 4864K, 0% used [0x00000000dbce0000,0x00000000dbce0000,0x00000000dc1a0000)
  to   space 4864K, 0% used [0x00000000db820000,0x00000000db820000,0x00000000dbce0000)
 ParOldGen       total 78400K, used 0K [0x000000008d200000, 0x0000000091e90000, 0x00000000d9b60000)
  object space 78400K, 0% used [0x000000008d200000,0x000000008d200000,0x0000000091e90000)
 PSPermGen       total 21248K, used 3556K [0x0000000082c00000, 0x00000000840c0000, 0x000000008d200000)
  object space 21248K, 16% used [0x0000000082c00000,0x0000000082f790c8,0x00000000840c0000)

Card table byte_map: [0x00007fd9484ed000,0x00007fd9488d8000] byte_map_base: 0x00007fd9480d7000

Polling page: 0x00007fd94e856000

Code Cache  [0x00007fd941000000, 0x00007fd941270000, 0x00007fd944000000)
 total_blobs=184 nmethods=6 adapters=131 free_code_cache=48765Kb largest_free_block=49919296

Compilation events (10 events):
Event: 0.135 Thread 0x00007fd93c2fa800 nmethod 2 0x00007fd94105fb10 code [0x00007fd94105fc60, 0x00007fd94105fde8]
Event: 0.135 Thread 0x00007fd93c2fa800    3             sun.nio.cs.UTF_8$Encoder::encode (361 bytes)
Event: 0.141 Thread 0x00007fd93c2f7800 nmethod 1 0x00007fd94105f310 code [0x00007fd94105f460, 0x00007fd94105f8d8]
Event: 0.141 Thread 0x00007fd93c2f7800    4             java.lang.String::hashCode (55 bytes)
Event: 0.145 Thread 0x00007fd93c2f7800 nmethod 4 0x00007fd94105ef90 code [0x00007fd94105f0e0, 0x00007fd94105f258]
Event: 0.149 Thread 0x00007fd93c2fa800 nmethod 3 0x00007fd9410624d0 code [0x00007fd941062640, 0x00007fd941062b68]
Event: 0.155 Thread 0x00007fd93c2f7800    5             java.lang.String::lastIndexOf (52 bytes)
Event: 0.157 Thread 0x00007fd93c2f7800 nmethod 5 0x00007fd941062e90 code [0x00007fd941062fe0, 0x00007fd941063148]
Event: 0.173 Thread 0x00007fd93c2fa800    6             java.lang.String::charAt (29 bytes)
Event: 0.174 Thread 0x00007fd93c2fa800 nmethod 6 0x00007fd94105ecd0 code [0x00007fd94105ee20, 0x00007fd94105eeb8]

GC Heap History (0 events):
No events

Deoptimization events (0 events):
No events

Internal exceptions (10 events):
Event: 0.171 Thread 0x00007fd93c08d800 Threw 0x00000000d9c65e50 at /build/buildd/openjdk-7-7u21-2.3.9/build/openjdk/hotspot/src/share/vm/prims/jvm.cpp:1166
Event: 0.173 Thread 0x00007fd93c08d800 Threw 0x00000000d9c69fb8 at /build/buildd/openjdk-7-7u21-2.3.9/build/openjdk/hotspot/src/share/vm/prims/jni.cpp:716
Event: 0.173 Thread 0x00007fd93c08d800 Threw 0x00000000d9c6a1d8 at /build/buildd/openjdk-7-7u21-2.3.9/build/openjdk/hotspot/src/share/vm/prims/jvm.cpp:1166
Event: 0.173 Thread 0x00007fd93c08d800 Threw 0x00000000d9c6a300 at /build/buildd/openjdk-7-7u21-2.3.9/build/openjdk/hotspot/src/share/vm/prims/jvm.cpp:1166
Event: 0.175 Thread 0x00007fd93c08d800 Threw 0x00000000d9c6c040 at /build/buildd/openjdk-7-7u21-2.3.9/build/openjdk/hotspot/src/share/vm/prims/jni.cpp:716
Event: 0.175 Thread 0x00007fd93c08d800 Threw 0x00000000d9c6c260 at /build/buildd/openjdk-7-7u21-2.3.9/build/openjdk/hotspot/src/share/vm/prims/jvm.cpp:1166
Event: 0.175 Thread 0x00007fd93c08d800 Threw 0x00000000d9c6c388 at /build/buildd/openjdk-7-7u21-2.3.9/build/openjdk/hotspot/src/share/vm/prims/jvm.cpp:1166
Event: 0.176 Thread 0x00007fd93c08d800 Threw 0x00000000d9c6e0e0 at /build/buildd/openjdk-7-7u21-2.3.9/build/openjdk/hotspot/src/share/vm/prims/jni.cpp:716
Event: 0.176 Thread 0x00007fd93c08d800 Threw 0x00000000d9c6e300 at /build/buildd/openjdk-7-7u21-2.3.9/build/openjdk/hotspot/src/share/vm/prims/jvm.cpp:1166
Event: 0.176 Thread 0x00007fd93c08d800 Threw 0x00000000d9c6e428 at /build/buildd/openjdk-7-7u21-2.3.9/build/openjdk/hotspot/src/share/vm/prims/jvm.cpp:1166

Events (10 events):
Event: 0.206 loading class 0x00007fd93c3c0e50
Event: 0.206 loading class 0x00007fd93c3c0e50 done
Event: 0.206 loading class 0x00007fd93c3c0e90
Event: 0.206 loading class 0x00007fd93c3c0e90 done
Event: 0.206 loading class 0x00007fd93c3c0ca0
Event: 0.206 loading class 0x00007fd93c3c0ca0 done
Event: 0.206 loading class 0x00007fd93c3c3c50
Event: 0.206 loading class 0x00007fd93c3c3c50 done
Event: 4.085 Executing VM operation: EnableBiasedLocking
Event: 4.085 Executing VM operation: EnableBiasedLocking done


Dynamic libraries:
00400000-00639000 r-xp 00000000 08:05 10486037                           /usr/bin/python2.7
00838000-00839000 r--p 00238000 08:05 10486037                           /usr/bin/python2.7
00839000-008ae000 rw-p 00239000 08:05 10486037                           /usr/bin/python2.7
008ae000-008c0000 rw-p 00000000 00:00 0 
017d1000-02574000 rw-p 00000000 00:00 0                                  [heap]
82c00000-840c0000 rw-p 00000000 00:00 0 
840c0000-8d200000 rw-p 00000000 00:00 0 
8d200000-91e90000 rw-p 00000000 00:00 0 
91e90000-d9b60000 rw-p 00000000 00:00 0 
d9b60000-dc1a0000 rw-p 00000000 00:00 0 
dc1a0000-100000000 rw-p 00000000 00:00 0 
7fd904000000-7fd904021000 rw-p 00000000 00:00 0 
7fd904021000-7fd908000000 ---p 00000000 00:00 0 
7fd90c000000-7fd90c021000 rw-p 00000000 00:00 0 
7fd90c021000-7fd910000000 ---p 00000000 00:00 0 
7fd910000000-7fd9100a7000 rw-p 00000000 00:00 0 
7fd9100a7000-7fd914000000 ---p 00000000 00:00 0 
7fd914000000-7fd914021000 rw-p 00000000 00:00 0 
7fd914021000-7fd918000000 ---p 00000000 00:00 0 
7fd918000000-7fd918021000 rw-p 00000000 00:00 0 
7fd918021000-7fd91c000000 ---p 00000000 00:00 0 
7fd91c000000-7fd91c0ca000 rw-p 00000000 00:00 0 
7fd91c0ca000-7fd920000000 ---p 00000000 00:00 0 
7fd920000000-7fd920021000 rw-p 00000000 00:00 0 
7fd920021000-7fd924000000 ---p 00000000 00:00 0 
7fd924000000-7fd924021000 rw-p 00000000 00:00 0 
7fd924021000-7fd928000000 ---p 00000000 00:00 0 
7fd928000000-7fd928021000 rw-p 00000000 00:00 0 
7fd928021000-7fd92c000000 ---p 00000000 00:00 0 
7fd92c000000-7fd92c021000 rw-p 00000000 00:00 0 
7fd92c021000-7fd930000000 ---p 00000000 00:00 0 
7fd930000000-7fd930021000 rw-p 00000000 00:00 0 
7fd930021000-7fd934000000 ---p 00000000 00:00 0 
7fd936d9c000-7fd936d9f000 ---p 00000000 00:00 0 
7fd936d9f000-7fd936e9d000 rw-p 00000000 00:00 0                          [stack:26509]
7fd936e9d000-7fd936e9e000 ---p 00000000 00:00 0 
7fd936e9e000-7fd936f9e000 rw-p 00000000 00:00 0                          [stack:26508]
7fd936f9e000-7fd936fa1000 ---p 00000000 00:00 0 
7fd936fa1000-7fd93709f000 rw-p 00000000 00:00 0                          [stack:26507]
7fd93709f000-7fd9370a2000 ---p 00000000 00:00 0 
7fd9370a2000-7fd9371a0000 rw-p 00000000 00:00 0                          [stack:26506]
7fd9371a0000-7fd9371a3000 ---p 00000000 00:00 0 
7fd9371a3000-7fd9372a1000 rw-p 00000000 00:00 0                          [stack:26505]
7fd9372a1000-7fd9372a4000 ---p 00000000 00:00 0 
7fd9372a4000-7fd9373a2000 rw-p 00000000 00:00 0                          [stack:26504]
7fd9373a2000-7fd9373a5000 ---p 00000000 00:00 0 
7fd9373a5000-7fd9374a3000 rw-p 00000000 00:00 0                          [stack:26503]
7fd9374a3000-7fd9374a6000 ---p 00000000 00:00 0 
7fd9374a6000-7fd9375a4000 rw-p 00000000 00:00 0                          [stack:26502]
7fd9375a4000-7fd9375a5000 ---p 00000000 00:00 0 
7fd9375a5000-7fd937fae000 rw-p 00000000 00:00 0                          [stack:26501]
7fd937fae000-7fd93815b000 r--s 01cde000 08:05 3410052                    /usr/lib/jvm/java-7-openjdk-amd64/jre/lib/rt.jar
7fd938160000-7fd93c000000 rw-p 00000000 00:00 0 
7fd93c000000-7fd93cc14000 rw-p 00000000 00:00 0 
7fd93cc14000-7fd940000000 ---p 00000000 00:00 0 
7fd940058000-7fd941000000 rw-p 00000000 00:00 0 
7fd941000000-7fd941270000 rwxp 00000000 00:00 0 
7fd941270000-7fd94409b000 rw-p 00000000 00:00 0 
7fd94409b000-7fd948000000 ---p 00000000 00:00 0 
7fd948024000-7fd94802d000 r--s 000bc000 08:05 3409889                    /usr/lib/jvm/java-7-openjdk-common/jre/lib/resources.jar
7fd948033000-7fd948034000 ---p 00000000 00:00 0 
7fd948034000-7fd948134000 rw-p 00000000 00:00 0                          [stack:26500]
7fd948134000-7fd948135000 ---p 00000000 00:00 0 
7fd948135000-7fd948240000 rw-p 00000000 00:00 0                          [stack:26499]
7fd948240000-7fd948288000 rw-p 00000000 00:00 0 
7fd948288000-7fd9482af000 rw-p 00000000 00:00 0 
7fd9482af000-7fd9484ed000 rw-p 00000000 00:00 0 
7fd9484ed000-7fd9484f8000 rw-p 00000000 00:00 0 
7fd9484f8000-7fd948540000 rw-p 00000000 00:00 0 
7fd948540000-7fd948567000 rw-p 00000000 00:00 0 
7fd948567000-7fd9487a4000 rw-p 00000000 00:00 0 
7fd9487a4000-7fd9487b8000 rw-p 00000000 00:00 0 
7fd9487b8000-7fd9488d7000 rw-p 00000000 00:00 0 
7fd9488d7000-7fd9488e2000 rw-p 00000000 00:00 0 
7fd9488e2000-7fd948998000 rw-p 00000000 00:00 0 
7fd948998000-7fd9489a0000 r-xp 00000000 08:05 3410188                    /usr/lib/jvm/java-7-openjdk-amd64/jre/lib/amd64/libzip.so
7fd9489a0000-7fd948b9f000 ---p 00008000 08:05 3410188                    /usr/lib/jvm/java-7-openjdk-amd64/jre/lib/amd64/libzip.so
7fd948b9f000-7fd948ba0000 r--p 00007000 08:05 3410188                    /usr/lib/jvm/java-7-openjdk-amd64/jre/lib/amd64/libzip.so
7fd948ba0000-7fd948ba1000 rw-p 00008000 08:05 3410188                    /usr/lib/jvm/java-7-openjdk-amd64/jre/lib/amd64/libzip.so
7fd948ba8000-7fd948bb3000 r-xp 00000000 08:05 4718847                    /lib/x86_64-linux-gnu/libnss_nis-2.17.so
7fd948bb3000-7fd948db2000 ---p 0000b000 08:05 4718847                    /lib/x86_64-linux-gnu/libnss_nis-2.17.so
7fd948db2000-7fd948db3000 r--p 0000a000 08:05 4718847                    /lib/x86_64-linux-gnu/libnss_nis-2.17.so
7fd948db3000-7fd948db4000 rw-p 0000b000 08:05 4718847                    /lib/x86_64-linux-gnu/libnss_nis-2.17.so
7fd948db8000-7fd948dcf000 r-xp 00000000 08:05 4718817                    /lib/x86_64-linux-gnu/libnsl-2.17.so
7fd948dcf000-7fd948fce000 ---p 00017000 08:05 4718817                    /lib/x86_64-linux-gnu/libnsl-2.17.so
7fd948fce000-7fd948fcf000 r--p 00016000 08:05 4718817                    /lib/x86_64-linux-gnu/libnsl-2.17.so
7fd948fcf000-7fd948fd0000 rw-p 00017000 08:05 4718817                    /lib/x86_64-linux-gnu/libnsl-2.17.so
7fd948fd0000-7fd948fd2000 rw-p 00000000 00:00 0 
7fd948fd8000-7fd948fe0000 r-xp 00000000 08:05 4718837                    /lib/x86_64-linux-gnu/libnss_compat-2.17.so
7fd948fe0000-7fd9491df000 ---p 00008000 08:05 4718837                    /lib/x86_64-linux-gnu/libnss_compat-2.17.so
7fd9491df000-7fd9491e0000 r--p 00007000 08:05 4718837                    /lib/x86_64-linux-gnu/libnss_compat-2.17.so
7fd9491e0000-7fd9491e1000 rw-p 00008000 08:05 4718837                    /lib/x86_64-linux-gnu/libnss_compat-2.17.so
7fd9491e8000-7fd949213000 r-xp 00000000 08:05 3410143                    /usr/lib/jvm/java-7-openjdk-amd64/jre/lib/amd64/libjava.so
7fd949213000-7fd949412000 ---p 0002b000 08:05 3410143                    /usr/lib/jvm/java-7-openjdk-amd64/jre/lib/amd64/libjava.so
7fd949412000-7fd949413000 r--p 0002a000 08:05 3410143                    /usr/lib/jvm/java-7-openjdk-amd64/jre/lib/amd64/libjava.so
7fd949413000-7fd949415000 rw-p 0002b000 08:05 3410143                    /usr/lib/jvm/java-7-openjdk-amd64/jre/lib/amd64/libjava.so
7fd949418000-7fd949427000 r-xp 00000000 08:05 3410121                    /usr/lib/jvm/java-7-openjdk-amd64/jre/lib/amd64/libverify.so
7fd949427000-7fd949626000 ---p 0000f000 08:05 3410121                    /usr/lib/jvm/java-7-openjdk-amd64/jre/lib/amd64/libverify.so
7fd949626000-7fd949628000 r--p 0000e000 08:05 3410121                    /usr/lib/jvm/java-7-openjdk-amd64/jre/lib/amd64/libverify.so
7fd949628000-7fd949629000 rw-p 00010000 08:05 3410121                    /usr/lib/jvm/java-7-openjdk-amd64/jre/lib/amd64/libverify.so
7fd949630000-7fd949637000 r-xp 00000000 08:05 4718808                    /lib/x86_64-linux-gnu/librt-2.17.so
7fd949637000-7fd949836000 ---p 00007000 08:05 4718808                    /lib/x86_64-linux-gnu/librt-2.17.so
7fd949836000-7fd949837000 r--p 00006000 08:05 4718808                    /lib/x86_64-linux-gnu/librt-2.17.so
7fd949837000-7fd949838000 rw-p 00007000 08:05 4718808                    /lib/x86_64-linux-gnu/librt-2.17.so
7fd949838000-7fd94a233000 r-xp 00000000 08:05 3410159                    /usr/lib/jvm/java-7-openjdk-amd64/jre/lib/amd64/server/libjvm.so
7fd94a233000-7fd94a432000 ---p 009fb000 08:05 3410159                    /usr/lib/jvm/java-7-openjdk-amd64/jre/lib/amd64/server/libjvm.so
7fd94a432000-7fd94a4b1000 r--p 009fa000 08:05 3410159                    /usr/lib/jvm/java-7-openjdk-amd64/jre/lib/amd64/server/libjvm.so
7fd94a4b1000-7fd94a4d4000 rw-p 00a79000 08:05 3410159                    /usr/lib/jvm/java-7-openjdk-amd64/jre/lib/amd64/server/libjvm.so
7fd94a4d4000-7fd94a4ff000 rw-p 00000000 00:00 0 
7fd94a500000-7fd94a514000 r-xp 00000000 08:05 4722197                    /lib/x86_64-linux-gnu/libgcc_s.so.1
7fd94a514000-7fd94a714000 ---p 00014000 08:05 4722197                    /lib/x86_64-linux-gnu/libgcc_s.so.1
7fd94a714000-7fd94a715000 r--p 00014000 08:05 4722197                    /lib/x86_64-linux-gnu/libgcc_s.so.1
7fd94a715000-7fd94a716000 rw-p 00015000 08:05 4722197                    /lib/x86_64-linux-gnu/libgcc_s.so.1
7fd94a718000-7fd94a7fd000 r-xp 00000000 08:05 10486464                   /usr/lib/x86_64-linux-gnu/libstdc++.so.6.0.17
7fd94a7fd000-7fd94a9fc000 ---p 000e5000 08:05 10486464                   /usr/lib/x86_64-linux-gnu/libstdc++.so.6.0.17
7fd94a9fc000-7fd94aa04000 r--p 000e4000 08:05 10486464                   /usr/lib/x86_64-linux-gnu/libstdc++.so.6.0.17
7fd94aa04000-7fd94aa06000 rw-p 000ec000 08:05 10486464                   /usr/lib/x86_64-linux-gnu/libstdc++.so.6.0.17
7fd94aa06000-7fd94aa1b000 rw-p 00000000 00:00 0 
7fd94aa20000-7fd94aaa6000 r-xp 00000000 08:05 10621145                   /usr/local/lib/python2.7/dist-packages/_jpype.so
7fd94aaa6000-7fd94aca5000 ---p 00086000 08:05 10621145                   /usr/local/lib/python2.7/dist-packages/_jpype.so
7fd94aca5000-7fd94aca8000 r--p 00085000 08:05 10621145                   /usr/local/lib/python2.7/dist-packages/_jpype.so
7fd94aca8000-7fd94acab000 rw-p 00088000 08:05 10621145                   /usr/local/lib/python2.7/dist-packages/_jpype.so
7fd94acaf000-7fd94acb2000 ---p 00000000 00:00 0 
7fd94acb2000-7fd94b4b0000 rw-p 00000000 00:00 0                          [stack:26520]
7fd94b4b0000-7fd94b4bc000 r-xp 00000000 08:05 4718855                    /lib/x86_64-linux-gnu/libnss_files-2.17.so
7fd94b4bc000-7fd94b6bb000 ---p 0000c000 08:05 4718855                    /lib/x86_64-linux-gnu/libnss_files-2.17.so
7fd94b6bb000-7fd94b6bc000 r--p 0000b000 08:05 4718855                    /lib/x86_64-linux-gnu/libnss_files-2.17.so
7fd94b6bc000-7fd94b6bd000 rw-p 0000c000 08:05 4718855                    /lib/x86_64-linux-gnu/libnss_files-2.17.so
7fd94b6bf000-7fd94b6c0000 ---p 00000000 00:00 0 
7fd94b6c0000-7fd94bec0000 rw-p 00000000 00:00 0                          [stack:26496]
7fd94bec0000-7fd94bf67000 r-xp 00000000 08:05 10486528                   /usr/lib/x86_64-linux-gnu/libsqlite3.so.0.8.6
7fd94bf67000-7fd94c167000 ---p 000a7000 08:05 10486528                   /usr/lib/x86_64-linux-gnu/libsqlite3.so.0.8.6
7fd94c167000-7fd94c169000 r--p 000a7000 08:05 10486528                   /usr/lib/x86_64-linux-gnu/libsqlite3.so.0.8.6
7fd94c169000-7fd94c16b000 rw-p 000a9000 08:05 10486528                   /usr/lib/x86_64-linux-gnu/libsqlite3.so.0.8.6
7fd94c16b000-7fd94c16c000 rw-p 00000000 00:00 0 
7fd94c170000-7fd94c181000 r-xp 00000000 08:05 10618613                   /usr/lib/python2.7/lib-dynload/_sqlite3.x86_64-linux-gnu.so
7fd94c181000-7fd94c380000 ---p 00011000 08:05 10618613                   /usr/lib/python2.7/lib-dynload/_sqlite3.x86_64-linux-gnu.so
7fd94c380000-7fd94c381000 r--p 00010000 08:05 10618613                   /usr/lib/python2.7/lib-dynload/_sqlite3.x86_64-linux-gnu.so
7fd94c381000-7fd94c383000 rw-p 00011000 08:05 10618613                   /usr/lib/python2.7/lib-dynload/_sqlite3.x86_64-linux-gnu.so
7fd94c388000-7fd94c38c000 r-xp 00000000 08:05 10618641                   /usr/lib/python2.7/lib-dynload/termios.x86_64-linux-gnu.so
7fd94c38c000-7fd94c58b000 ---p 00004000 08:05 10618641                   /usr/lib/python2.7/lib-dynload/termios.x86_64-linux-gnu.so
7fd94c58b000-7fd94c58c000 r--p 00003000 08:05 10618641                   /usr/lib/python2.7/lib-dynload/termios.x86_64-linux-gnu.so
7fd94c58c000-7fd94c58e000 rw-p 00004000 08:05 10618641                   /usr/lib/python2.7/lib-dynload/termios.x86_64-linux-gnu.so
7fd94c590000-7fd94c599000 r-xp 00000000 08:05 10619880                   /usr/lib/python2.7/dist-packages/simplejson/_speedups.so
7fd94c599000-7fd94c798000 ---p 00009000 08:05 10619880                   /usr/lib/python2.7/dist-packages/simplejson/_speedups.so
7fd94c798000-7fd94c799000 r--p 00008000 08:05 10619880                   /usr/lib/python2.7/dist-packages/simplejson/_speedups.so
7fd94c799000-7fd94c79a000 rw-p 00009000 08:05 10619880                   /usr/lib/python2.7/dist-packages/simplejson/_speedups.so
7fd94c7a0000-7fd94c7a3000 r-xp 00000000 08:05 10618610                   /usr/lib/python2.7/lib-dynload/_hashlib.x86_64-linux-gnu.so
7fd94c7a3000-7fd94c9a3000 ---p 00003000 08:05 10618610                   /usr/lib/python2.7/lib-dynload/_hashlib.x86_64-linux-gnu.so
7fd94c9a3000-7fd94c9a4000 r--p 00003000 08:05 10618610                   /usr/lib/python2.7/lib-dynload/_hashlib.x86_64-linux-gnu.so
7fd94c9a4000-7fd94c9a5000 rw-p 00004000 08:05 10618610                   /usr/lib/python2.7/lib-dynload/_hashlib.x86_64-linux-gnu.so
7fd94c9a8000-7fd94c9bc000 r-xp 00000000 08:05 10618638                   /usr/lib/python2.7/lib-dynload/datetime.x86_64-linux-gnu.so
7fd94c9bc000-7fd94cbbb000 ---p 00014000 08:05 10618638                   /usr/lib/python2.7/lib-dynload/datetime.x86_64-linux-gnu.so
7fd94cbbb000-7fd94cbbc000 r--p 00013000 08:05 10618638                   /usr/lib/python2.7/lib-dynload/datetime.x86_64-linux-gnu.so
7fd94cbbc000-7fd94cbc0000 rw-p 00014000 08:05 10618638                   /usr/lib/python2.7/lib-dynload/datetime.x86_64-linux-gnu.so
7fd94cbc0000-7fd94cd71000 r-xp 00000000 08:05 4724200                    /lib/x86_64-linux-gnu/libcrypto.so.1.0.0
7fd94cd71000-7fd94cf71000 ---p 001b1000 08:05 4724200                    /lib/x86_64-linux-gnu/libcrypto.so.1.0.0
7fd94cf71000-7fd94cf8c000 r--p 001b1000 08:05 4724200                    /lib/x86_64-linux-gnu/libcrypto.so.1.0.0
7fd94cf8c000-7fd94cf97000 rw-p 001cc000 08:05 4724200                    /lib/x86_64-linux-gnu/libcrypto.so.1.0.0
7fd94cf97000-7fd94cf9b000 rw-p 00000000 00:00 0 
7fd94cfa0000-7fd94cff3000 r-xp 00000000 08:05 4723690                    /lib/x86_64-linux-gnu/libssl.so.1.0.0
7fd94cff3000-7fd94d1f3000 ---p 00053000 08:05 4723690                    /lib/x86_64-linux-gnu/libssl.so.1.0.0
7fd94d1f3000-7fd94d1f6000 r--p 00053000 08:05 4723690                    /lib/x86_64-linux-gnu/libssl.so.1.0.0
7fd94d1f6000-7fd94d1fc000 rw-p 00056000 08:05 4723690                    /lib/x86_64-linux-gnu/libssl.so.1.0.0
7fd94d1fc000-7fd94d1fd000 rw-p 00000000 00:00 0 
7fd94d200000-7fd94d208000 r-xp 00000000 08:05 10618622                   /usr/lib/python2.7/lib-dynload/_ssl.x86_64-linux-gnu.so
7fd94d208000-7fd94d407000 ---p 00008000 08:05 10618622                   /usr/lib/python2.7/lib-dynload/_ssl.x86_64-linux-gnu.so
7fd94d407000-7fd94d408000 r--p 00007000 08:05 10618622                   /usr/lib/python2.7/lib-dynload/_ssl.x86_64-linux-gnu.so
7fd94d408000-7fd94d409000 rw-p 00008000 08:05 10618622                   /usr/lib/python2.7/lib-dynload/_ssl.x86_64-linux-gnu.so
7fd94d40f000-7fd94d4d0000 rw-p 00000000 00:00 0 
7fd94d4d0000-7fd94d799000 r--p 00000000 08:05 10494985                   /usr/lib/locale/locale-archive
7fd94d7a0000-7fd94d95e000 r-xp 00000000 08:05 4718831                    /lib/x86_64-linux-gnu/libc-2.17.so
7fd94d95e000-7fd94db5d000 ---p 001be000 08:05 4718831                    /lib/x86_64-linux-gnu/libc-2.17.so
7fd94db5d000-7fd94db61000 r--p 001bd000 08:05 4718831                    /lib/x86_64-linux-gnu/libc-2.17.so
7fd94db61000-7fd94db63000 rw-p 001c1000 08:05 4718831                    /lib/x86_64-linux-gnu/libc-2.17.so
7fd94db63000-7fd94db68000 rw-p 00000000 00:00 0 
7fd94db68000-7fd94dc6b000 r-xp 00000000 08:05 4718843                    /lib/x86_64-linux-gnu/libm-2.17.so
7fd94dc6b000-7fd94de6b000 ---p 00103000 08:05 4718843                    /lib/x86_64-linux-gnu/libm-2.17.so
7fd94de6b000-7fd94de6c000 r--p 00103000 08:05 4718843                    /lib/x86_64-linux-gnu/libm-2.17.so
7fd94de6c000-7fd94de6d000 rw-p 00104000 08:05 4718843                    /lib/x86_64-linux-gnu/libm-2.17.so
7fd94de70000-7fd94de86000 r-xp 00000000 08:05 4722203                    /lib/x86_64-linux-gnu/libz.so.1.2.7
7fd94de86000-7fd94e085000 ---p 00016000 08:05 4722203                    /lib/x86_64-linux-gnu/libz.so.1.2.7
7fd94e085000-7fd94e086000 r--p 00015000 08:05 4722203                    /lib/x86_64-linux-gnu/libz.so.1.2.7
7fd94e086000-7fd94e087000 rw-p 00016000 08:05 4722203                    /lib/x86_64-linux-gnu/libz.so.1.2.7
7fd94e088000-7fd94e08a000 r-xp 00000000 08:05 4718849                    /lib/x86_64-linux-gnu/libutil-2.17.so
7fd94e08a000-7fd94e289000 ---p 00002000 08:05 4718849                    /lib/x86_64-linux-gnu/libutil-2.17.so
7fd94e289000-7fd94e28a000 r--p 00001000 08:05 4718849                    /lib/x86_64-linux-gnu/libutil-2.17.so
7fd94e28a000-7fd94e28b000 rw-p 00002000 08:05 4718849                    /lib/x86_64-linux-gnu/libutil-2.17.so
7fd94e290000-7fd94e293000 r-xp 00000000 08:05 4718833                    /lib/x86_64-linux-gnu/libdl-2.17.so
7fd94e293000-7fd94e492000 ---p 00003000 08:05 4718833                    /lib/x86_64-linux-gnu/libdl-2.17.so
7fd94e492000-7fd94e493000 r--p 00002000 08:05 4718833                    /lib/x86_64-linux-gnu/libdl-2.17.so
7fd94e493000-7fd94e494000 rw-p 00003000 08:05 4718833                    /lib/x86_64-linux-gnu/libdl-2.17.so
7fd94e498000-7fd94e4b0000 r-xp 00000000 08:05 4718841                    /lib/x86_64-linux-gnu/libpthread-2.17.so
7fd94e4b0000-7fd94e6af000 ---p 00018000 08:05 4718841                    /lib/x86_64-linux-gnu/libpthread-2.17.so
7fd94e6af000-7fd94e6b0000 r--p 00017000 08:05 4718841                    /lib/x86_64-linux-gnu/libpthread-2.17.so
7fd94e6b0000-7fd94e6b1000 rw-p 00018000 08:05 4718841                    /lib/x86_64-linux-gnu/libpthread-2.17.so
7fd94e6b1000-7fd94e6b5000 rw-p 00000000 00:00 0 
7fd94e6b8000-7fd94e6db000 r-xp 00000000 08:05 4718826                    /lib/x86_64-linux-gnu/ld-2.17.so
7fd94e6e1000-7fd94e826000 rw-p 00000000 00:00 0 
7fd94e830000-7fd94e831000 r--p 00000000 08:05 10890389                   /usr/share/locale-langpack/en_GB/LC_MESSAGES/libc.mo
7fd94e832000-7fd94e843000 r--s 000aa000 00:15 2493545                    /home/ed/Documents/Ed's Documents/Work/Birmingham University/PhD/sandpit/stripey/stripey_lib/collatex/collatex-nodeps-0.9.jar
7fd94e848000-7fd94e850000 rw-s 00000000 08:05 9961722                    /tmp/hsperfdata_ed/26495
7fd94e855000-7fd94e856000 rw-p 00000000 00:00 0 
7fd94e856000-7fd94e857000 r--p 00000000 00:00 0 
7fd94e857000-7fd94e8da000 rw-p 00000000 00:00 0 
7fd94e8da000-7fd94e8db000 r--p 00022000 08:05 4718826                    /lib/x86_64-linux-gnu/ld-2.17.so
7fd94e8db000-7fd94e8dd000 rw-p 00023000 08:05 4718826                    /lib/x86_64-linux-gnu/ld-2.17.so
7fd94e8dd000-7fd94e8e4000 rw-p 00000000 00:00 0 
7fffa0054000-7fffa0075000 rw-p 00000000 00:00 0                          [stack]
7fffa0090000-7fffa0092000 r-xp 00000000 00:00 0                          [vdso]
ffffffffff600000-ffffffffff601000 r-xp 00000000 00:00 0                  [vsyscall]

VM Arguments:
jvm_args: -Djava.ext.dirs=/home/ed/Documents/Ed's Documents/Work/Birmingham University/PhD/sandpit/stripey/stripey_dj/stripey_lib/collatex 
java_command: <unknown>
Launcher Type: generic

Environment Variables:
PATH=/usr/lib/x86_64-linux-gnu/qt4/bin:/usr/lib/lightdm/lightdm:/usr/local/sbin:/usr/local/bin:/usr/sbin:/usr/bin:/sbin:/bin:/usr/games:/usr/local/games
SHELL=/bin/bash
DISPLAY=:0

Signal Handlers:
SIGSEGV: [libjvm.so+0x857ed0], sa_mask[0]=0x7ffbfeff, sa_flags=0x10000004
SIGBUS: [libjvm.so+0x857ed0], sa_mask[0]=0x7ffbfeff, sa_flags=0x10000004
SIGFPE: [libjvm.so+0x6f8ab0], sa_mask[0]=0x7ffbfeff, sa_flags=0x10000004
SIGPIPE: [libjvm.so+0x6f8ab0], sa_mask[0]=0x7ffbfeff, sa_flags=0x10000004
SIGXFSZ: [libjvm.so+0x6f8ab0], sa_mask[0]=0x7ffbfeff, sa_flags=0x10000004
SIGILL: [libjvm.so+0x6f8ab0], sa_mask[0]=0x7ffbfeff, sa_flags=0x10000004
SIGUSR1: SIG_DFL, sa_mask[0]=0x00000000, sa_flags=0x00000000
SIGUSR2: [libjvm.so+0x6f8e80], sa_mask[0]=0x00000000, sa_flags=0x10000004
SIGHUP: [libjvm.so+0x6f8fc0], sa_mask[0]=0x7ffbfeff, sa_flags=0x10000004
SIGINT: [libjvm.so+0x6f8fc0], sa_mask[0]=0x7ffbfeff, sa_flags=0x10000004
SIGTERM: [libjvm.so+0x6f8fc0], sa_mask[0]=0x7ffbfeff, sa_flags=0x10000004
SIGQUIT: [libjvm.so+0x6f8fc0], sa_mask[0]=0x7ffbfeff, sa_flags=0x10000004


---------------  S Y S T E M  ---------------

OS:Ubuntu 13.04 (raring)
uname:Linux 3.8.0-23-generic #34-Ubuntu SMP Wed May 29 20:22:58 UTC 2013 x86_64
libc:glibc 2.17 NPTL 2.17 
rlimit: STACK 8192k, CORE 0k, NPROC 58516, NOFILE 4096, AS infinity
load average:0.35 0.40 0.51

/proc/meminfo:
MemTotal:        7524056 kB
MemFree:         1749440 kB
Buffers:          248236 kB
Cached:          3434720 kB
SwapCached:            0 kB
Active:          2197436 kB
Inactive:        2613164 kB
Active(anon):     622204 kB
Inactive(anon):   523700 kB
Active(file):    1575232 kB
Inactive(file):  2089464 kB
Unevictable:          32 kB
Mlocked:              32 kB
SwapTotal:       7790588 kB
SwapFree:        7790588 kB
Dirty:               292 kB
Writeback:             0 kB
AnonPages:       1127676 kB
Mapped:           760324 kB
Shmem:             18260 kB
Slab:             305628 kB
SReclaimable:     235008 kB
SUnreclaim:        70620 kB
KernelStack:        3512 kB
PageTables:        38240 kB
NFS_Unstable:          0 kB
Bounce:                0 kB
WritebackTmp:          0 kB
CommitLimit:    11552616 kB
Committed_AS:    3581004 kB
VmallocTotal:   34359738367 kB
VmallocUsed:      114460 kB
VmallocChunk:   34359602140 kB
HardwareCorrupted:     0 kB
AnonHugePages:         0 kB
HugePages_Total:       0
HugePages_Free:        0
HugePages_Rsvd:        0
HugePages_Surp:        0
Hugepagesize:       2048 kB
DirectMap4k:       69632 kB
DirectMap2M:     3581952 kB
DirectMap1G:     4194304 kB


CPU:total 2 (2 cores per cpu, 1 threads per core) family 21 model 16 stepping 1, cmov, cx8, fxsr, mmx, sse, sse2, sse3, ssse3, sse4.1, sse4.2, popcnt, avx, mmxext, 3dnowpref, lzcnt, sse4a, tsc, tscinvbit, tscinv

/proc/cpuinfo:
processor	: 0
vendor_id	: AuthenticAMD
cpu family	: 21
model		: 16
model name	: AMD A4-4300M APU with Radeon(tm) HD Graphics
stepping	: 1
microcode	: 0x6001119
cpu MHz		: 1400.000
cache size	: 1024 KB
physical id	: 0
siblings	: 2
core id		: 0
cpu cores	: 1
apicid		: 16
initial apicid	: 0
fpu		: yes
fpu_exception	: yes
cpuid level	: 13
wp		: yes
flags		: fpu vme de pse tsc msr pae mce cx8 apic sep mtrr pge mca cmov pat pse36 clflush mmx fxsr sse sse2 ht syscall nx mmxext fxsr_opt pdpe1gb rdtscp lm constant_tsc rep_good nopl nonstop_tsc extd_apicid aperfmperf pni pclmulqdq monitor ssse3 fma cx16 sse4_1 sse4_2 popcnt aes xsave avx f16c lahf_lm cmp_legacy svm extapic cr8_legacy abm sse4a misalignsse 3dnowprefetch osvw ibs xop skinit wdt lwp fma4 tce nodeid_msr tbm topoext perfctr_core arat cpb hw_pstate npt lbrv svm_lock nrip_save tsc_scale vmcb_clean flushbyasid decodeassists pausefilter pfthreshold bmi1
bogomips	: 4991.13
TLB size	: 1536 4K pages
clflush size	: 64
cache_alignment	: 64
address sizes	: 48 bits physical, 48 bits virtual
power management: ts ttp tm 100mhzsteps hwpstate cpb eff_freq_ro

processor	: 1
vendor_id	: AuthenticAMD
cpu family	: 21
model		: 16
model name	: AMD A4-4300M APU with Radeon(tm) HD Graphics   
stepping	: 1
microcode	: 0x6001119
cpu MHz		: 2500.000
cache size	: 1024 KB
physical id	: 0
siblings	: 2
core id		: 1
cpu cores	: 1
apicid		: 17
initial apicid	: 1
fpu		: yes
fpu_exception	: yes
cpuid level	: 13
wp		: yes
flags		: fpu vme de pse tsc msr pae mce cx8 apic sep mtrr pge mca cmov pat pse36 clflush mmx fxsr sse sse2 ht syscall nx mmxext fxsr_opt pdpe1gb rdtscp lm constant_tsc rep_good nopl nonstop_tsc extd_apicid aperfmperf pni pclmulqdq monitor ssse3 fma cx16 sse4_1 sse4_2 popcnt aes xsave avx f16c lahf_lm cmp_legacy svm extapic cr8_legacy abm sse4a misalignsse 3dnowprefetch osvw ibs xop skinit wdt lwp fma4 tce nodeid_msr tbm topoext perfctr_core arat cpb hw_pstate npt lbrv svm_lock nrip_save tsc_scale vmcb_clean flushbyasid decodeassists pausefilter pfthreshold bmi1
bogomips	: 4991.13
TLB size	: 1536 4K pages
clflush size	: 64
cache_alignment	: 64
address sizes	: 48 bits physical, 48 bits virtual
power management: ts ttp tm 100mhzsteps hwpstate cpb eff_freq_ro



Memory: 4k page, physical 7524056k(1749440k free), swap 7790588k(7790588k free)

vm_info: OpenJDK 64-Bit Server VM (23.7-b01) for linux-amd64 JRE (1.7.0_21-b02), built on Apr 22 2013 07:43:15 by "buildd" with gcc 4.7.3

time: Tue Jun 11 13:20:26 2013
elapsed time: 41 seconds

