#
# A fatal error has been detected by the Java Runtime Environment:
#
#  SIGSEGV (0xb) at pc=0xb6450c04, pid=9535, tid=3046112064
#
# JRE version: 7.0_21-b02
# Java VM: OpenJDK Client VM (23.7-b01 mixed mode, sharing linux-x86 )
# Problematic frame:
# C  [_jpype.so+0x2ac04]  JPJavaEnv::NewObjectA(_jclass*, _jmethodID*, jvalue*)+0x44
#
# Failed to write core dump. Core dumps have been disabled. To enable core dumping, try "ulimit -c unlimited" before starting Java again
#
# If you would like to submit a bug report, please include
# instructions on how to reproduce the bug and visit:
#   https://bugs.launchpad.net/ubuntu/+source/openjdk-7/
#

---------------  T H R E A D  ---------------

Current thread is native thread

siginfo:si_signo=SIGSEGV: si_errno=0, si_code=1 (SEGV_MAPERR), si_addr=0x00000000

Registers:
EAX=0xb631f8b0, EBX=0xb64b5000, ECX=0xb0f2e500, EDX=0x00000001
ESP=0xb58fc940, EBP=0x00000000, ESI=0x00000000, EDI=0xb0fbc390
EIP=0xb6450c04, EFLAGS=0x00210282, CR2=0x00000000

Top of Stack: (sp=0xb58fc940)
0xb58fc940:   b5910e58 b5afd794 b5af578c b76b3000
0xb58fc950:   b4f00010 b0fbc390 00000000 b631f8b0
0xb58fc960:   b649b088 b649b0ab b58fca04 b64b5000
0xb58fc970:   00000000 b0fbc390 00000000 b645971a
0xb58fc980:   b0f12188 b0f2e500 b0f29004 b4f8d080
0xb58fc990:   00000000 00000000 00000000 00000000
0xb58fc9a0:   00000000 b4f8d080 00000000 00000000
0xb58fc9b0:   00000000 00000000 00000000 00000000 

Instructions: (pc=0xb6450c04)
0xb6450be4:   38 e8 76 fb ff ff 8b 8b 68 fe ff ff 89 c5 8b 01
0xb6450bf4:   8b 08 89 04 24 ff 51 18 8b 4c 24 44 89 44 24 1c
0xb6450c04:   8b 45 00 89 4c 24 04 89 2c 24 ff 50 6c 8b bb c0
0xb6450c14:   ff ff ff 89 c6 8b 07 89 04 24 e8 fd fb ff ff 84 

Register to memory mapping:

EAX=0xb631f8b0 is an unknown value
EBX=0xb64b5000: <offset 0x8f000> in /usr/local/lib/python2.7/dist-packages/_jpype.so at 0xb6426000
ECX=0xb0f2e500 is a global jni handle
EDX=0x00000001 is an unknown value
ESP=0xb58fc940 is an unknown value
EBP=0x00000000 is an unknown value
ESI=0x00000000 is an unknown value
EDI=0xb0fbc390 is an unknown value


Stack: [0xb50ff000,0xb5900000],  sp=0xb58fc940,  free space=8182k
Native frames: (J=compiled Java code, j=interpreted, Vv=VM code, C=native code)
C  [_jpype.so+0x2ac04]  JPJavaEnv::NewObjectA(_jclass*, _jmethodID*, jvalue*)+0x44

[error occurred during error reporting (printing native stack), id 0xb]


---------------  P R O C E S S  ---------------

VM state:not at safepoint (normal execution)

VM Mutex/Monitor currently owned by a thread: None

Heap
 def new generation   total 4800K, used 3591K [0x6f780000, 0x6fcb0000, 0x79d80000)
  eden space 4288K,  83% used [0x6f780000, 0x6fb01ee0, 0x6fbb0000)
  from space 512K,   0% used [0x6fbb0000, 0x6fbb0000, 0x6fc30000)
  to   space 512K,   0% used [0x6fc30000, 0x6fc30000, 0x6fcb0000)
 tenured generation   total 10624K, used 0K [0x79d80000, 0x7a7e0000, 0x8e980000)
   the space 10624K,   0% used [0x79d80000, 0x79d80000, 0x79d80200, 0x7a7e0000)
 compacting perm gen  total 12288K, used 614K [0x8e980000, 0x8f580000, 0x92980000)
   the space 12288K,   5% used [0x8e980000, 0x8ea19bf8, 0x8ea19c00, 0x8f580000)
    ro space 10240K,  60% used [0x92980000, 0x92f928e0, 0x92f92a00, 0x93380000)
    rw space 12288K,  61% used [0x93380000, 0x93ae8c88, 0x93ae8e00, 0x93f80000)

Card table byte_map: [0xb13e1000,0xb1506000] byte_map_base: 0xb1065400

Polling page: 0xb76f8000

Code Cache  [0xb1506000, 0xb15b6000, 0xb3506000)
 total_blobs=197 nmethods=67 adapters=65 free_code_cache=32079Kb largest_free_block=32849792

Compilation events (10 events):
Event: 1.375 Thread 0xb0f03800   62             java.util.ArrayList$Itr::<init> (6 bytes)
Event: 1.376 Thread 0xb0f03800 nmethod 62 0xb15b1008 code [0xb15b1100, 0xb15b11a0]
Event: 1.376 Thread 0xb0f03800   63             java.util.ArrayList$Itr::<init> (26 bytes)
Event: 1.377 Thread 0xb0f03800 nmethod 63 0xb15b1248 code [0xb15b1340, 0xb15b13e0]
Event: 1.377 Thread 0xb0f03800   64             java.util.ArrayList::iterator (10 bytes)
Event: 1.378 Thread 0xb0f03800 nmethod 64 0xb15b1448 code [0xb15b1540, 0xb15b1620]
Event: 1.664 Thread 0xb0f03800   66             java.lang.Class::getName (21 bytes)
Event: 1.665 Thread 0xb0f03800 nmethod 66 0xb15b1908 code [0xb15b1a00, 0xb15b1abc]
Event: 2.172 Thread 0xb0f03800   67             java.util.HashMap$HashIterator::nextEntry (99 bytes)
Event: 2.173 Thread 0xb0f03800 nmethod 67 0xb15b1b48 code [0xb15b1c80, 0xb15b1e98]

GC Heap History (0 events):
No events

Deoptimization events (0 events):
No events

Internal exceptions (10 events):
Event: 0.306 Thread 0xb5976800 Threw 0x6f843ac8 at /build/buildd/openjdk-7-7u21-2.3.9/build/openjdk/hotspot/src/share/vm/prims/jvm.cpp:1166
Event: 0.307 Thread 0xb5976800 Threw 0x6f8443c0 at /build/buildd/openjdk-7-7u21-2.3.9/build/openjdk/hotspot/src/share/vm/prims/jvm.cpp:1166
Event: 0.307 Thread 0xb5976800 Threw 0x6f8444d8 at /build/buildd/openjdk-7-7u21-2.3.9/build/openjdk/hotspot/src/share/vm/prims/jvm.cpp:1166
Event: 0.308 Thread 0xb5976800 Threw 0x6f845450 at /build/buildd/openjdk-7-7u21-2.3.9/build/openjdk/hotspot/src/share/vm/prims/jvm.cpp:1166
Event: 0.308 Thread 0xb5976800 Threw 0x6f845568 at /build/buildd/openjdk-7-7u21-2.3.9/build/openjdk/hotspot/src/share/vm/prims/jvm.cpp:1166
Event: 0.308 Thread 0xb5976800 Threw 0x6f845de0 at /build/buildd/openjdk-7-7u21-2.3.9/build/openjdk/hotspot/src/share/vm/prims/jvm.cpp:1166
Event: 0.308 Thread 0xb5976800 Threw 0x6f845ef8 at /build/buildd/openjdk-7-7u21-2.3.9/build/openjdk/hotspot/src/share/vm/prims/jvm.cpp:1166
Event: 0.315 Thread 0xb5976800 Threw 0x6f84ae28 at /build/buildd/openjdk-7-7u21-2.3.9/build/openjdk/hotspot/src/share/vm/prims/jni.cpp:716
Event: 0.315 Thread 0xb5976800 Threw 0x6f84b038 at /build/buildd/openjdk-7-7u21-2.3.9/build/openjdk/hotspot/src/share/vm/prims/jvm.cpp:1166
Event: 0.315 Thread 0xb5976800 Threw 0x6f84b150 at /build/buildd/openjdk-7-7u21-2.3.9/build/openjdk/hotspot/src/share/vm/prims/jvm.cpp:1166

Events (10 events):
Event: 1.282 loading class 0xb0f528c8
Event: 1.282 loading class 0xb0f528c8 done
Event: 1.288 loading class 0xb0a95d00
Event: 1.288 loading class 0xb0a95d00 done
Event: 1.589 loading class 0xb0a8b278
Event: 1.589 loading class 0xb0a8b278 done
Event: 1.591 loading class 0xb0a8b2c8
Event: 1.591 loading class 0xb0a8b2c8 done
Event: 4.145 Executing VM operation: EnableBiasedLocking
Event: 4.146 Executing VM operation: EnableBiasedLocking done


Dynamic libraries:
08048000-0827a000 r-xp 00000000 08:01 9175344    /usr/bin/python2.7
0827a000-0827b000 r--p 00231000 08:01 9175344    /usr/bin/python2.7
0827b000-082da000 rw-p 00232000 08:01 9175344    /usr/bin/python2.7
082da000-082e6000 rw-p 00000000 00:00 0 
088a4000-08f60000 rw-p 00000000 00:00 0          [heap]
6f780000-6fcb0000 rw-p 00000000 00:00 0 
6fcb0000-79d80000 rw-p 00000000 00:00 0 
79d80000-7a7e0000 rw-p 00000000 00:00 0 
7a7e0000-8e980000 rw-p 00000000 00:00 0 
8e980000-8f580000 rw-p 00000000 00:00 0 
8f580000-92980000 rw-p 00000000 00:00 0 
92980000-92f93000 r--p 00001000 08:01 788259     /usr/lib/jvm/java-7-openjdk-i386/jre/lib/i386/client/classes.jsa
92f93000-93380000 rw-p 00000000 00:00 0 
93380000-93ae9000 rw-p 00614000 08:01 788259     /usr/lib/jvm/java-7-openjdk-i386/jre/lib/i386/client/classes.jsa
93ae9000-93f80000 rw-p 00000000 00:00 0 
93f80000-94299000 rw-p 00d7d000 08:01 788259     /usr/lib/jvm/java-7-openjdk-i386/jre/lib/i386/client/classes.jsa
94299000-94380000 rw-p 00000000 00:00 0 
94380000-94389000 r-xp 01096000 08:01 788259     /usr/lib/jvm/java-7-openjdk-i386/jre/lib/i386/client/classes.jsa
94389000-94780000 rw-p 00000000 00:00 0 
b0800000-b0848000 rw-p 00000000 00:00 0 
b0848000-b0900000 ---p 00000000 00:00 0 
b0a00000-b0b23000 rw-p 00000000 00:00 0 
b0b23000-b0c00000 ---p 00000000 00:00 0 
b0c00000-b0d00000 rw-p 00000000 00:00 0 
b0d0b000-b0d0e000 ---p 00000000 00:00 0 
b0d0e000-b0d5c000 rw-p 00000000 00:00 0          [stack:9549]
b0d5c000-b0d5d000 ---p 00000000 00:00 0 
b0d5d000-b0ddd000 rw-p 00000000 00:00 0          [stack:9548]
b0ddd000-b0de0000 ---p 00000000 00:00 0 
b0de0000-b0e2e000 rw-p 00000000 00:00 0          [stack:9547]
b0e2e000-b0e31000 ---p 00000000 00:00 0 
b0e31000-b0eaf000 rw-p 00000000 00:00 0          [stack:9546]
b0eaf000-b0eb2000 ---p 00000000 00:00 0 
b0eb2000-b0f00000 rw-p 00000000 00:00 0          [stack:9545]
b0f00000-b0ff7000 rw-p 00000000 00:00 0 
b0ff7000-b1000000 ---p 00000000 00:00 0 
b1011000-b1022000 r--s 000aa000 00:15 1053542    /home/ed/Documents/Ed's Documents/Work/Birmingham University/PhD/sandpit/stripey/stripey_lib/collatex/collatex-nodeps-0.9.jar
b1022000-b1025000 ---p 00000000 00:00 0 
b1025000-b1073000 rw-p 00000000 00:00 0          [stack:9544]
b1073000-b1076000 ---p 00000000 00:00 0 
b1076000-b10c4000 rw-p 00000000 00:00 0          [stack:9543]
b10c4000-b10c5000 ---p 00000000 00:00 0 
b10c5000-b118d000 rw-p 00000000 00:00 0          [stack:9542]
b118d000-b133a000 r--s 01cde000 08:01 792034     /usr/lib/jvm/java-7-openjdk-i386/jre/lib/rt.jar
b133a000-b1340000 rw-p 00000000 00:00 0 
b1340000-b13e1000 rw-p 00000000 00:00 0 
b13e1000-b13e4000 rw-p 00000000 00:00 0 
b13e4000-b1434000 rw-p 00000000 00:00 0 
b1434000-b143a000 rw-p 00000000 00:00 0 
b143a000-b14da000 rw-p 00000000 00:00 0 
b14da000-b14e0000 rw-p 00000000 00:00 0 
b14e0000-b14fa000 rw-p 00000000 00:00 0 
b14fa000-b1506000 rw-p 00000000 00:00 0 
b1506000-b15b6000 rwxp 00000000 00:00 0 
b15b6000-b3506000 rw-p 00000000 00:00 0 
b3506000-b3abf000 r-xp 00000000 08:01 788033     /usr/lib/jvm/java-7-openjdk-i386/jre/lib/i386/client/libjvm.so
b3abf000-b3ad6000 r--p 005b8000 08:01 788033     /usr/lib/jvm/java-7-openjdk-i386/jre/lib/i386/client/libjvm.so
b3ad6000-b3ae5000 rw-p 005cf000 08:01 788033     /usr/lib/jvm/java-7-openjdk-i386/jre/lib/i386/client/libjvm.so
b3ae5000-b3efe000 rw-p 00000000 00:00 0 
b3efe000-b3eff000 ---p 00000000 00:00 0 
b3eff000-b46ff000 rw-p 00000000 00:00 0 
b46ff000-b4700000 ---p 00000000 00:00 0 
b4700000-b4f00000 rw-p 00000000 00:00 0 
b4f00000-b5000000 rw-p 00000000 00:00 0 
b5002000-b5009000 rw-p 00000000 00:00 0 
b5009000-b5023000 rw-p 00000000 00:00 0 
b5023000-b5026000 rw-p 00000000 00:00 0 
b5026000-b50a3000 rw-p 00000000 00:00 0 
b50a3000-b50b8000 r-xp 00000000 08:01 5636282    /lib/i386-linux-gnu/libnsl-2.17.so
b50b8000-b50b9000 r--p 00014000 08:01 5636282    /lib/i386-linux-gnu/libnsl-2.17.so
b50b9000-b50ba000 rw-p 00015000 08:01 5636282    /lib/i386-linux-gnu/libnsl-2.17.so
b50ba000-b50bc000 rw-p 00000000 00:00 0 
b50c0000-b50c9000 r--s 000bc000 08:01 787814     /usr/lib/jvm/java-7-openjdk-common/jre/lib/resources.jar
b50c9000-b50d6000 rw-p 00000000 00:00 0 
b50d6000-b50fd000 r-xp 00000000 08:01 787613     /usr/lib/jvm/java-7-openjdk-i386/jre/lib/i386/libjava.so
b50fd000-b50fe000 r--p 00026000 08:01 787613     /usr/lib/jvm/java-7-openjdk-i386/jre/lib/i386/libjava.so
b50fe000-b50ff000 rw-p 00027000 08:01 787613     /usr/lib/jvm/java-7-openjdk-i386/jre/lib/i386/libjava.so
b50ff000-b5100000 ---p 00000000 00:00 0 
b5100000-b5900000 rw-p 00000000 00:00 0          [stack:9553]
b5900000-b59ff000 rw-p 00000000 00:00 0 
b59ff000-b5a00000 ---p 00000000 00:00 0 
b5a00000-b5a08000 r-xp 00000000 08:01 787625     /usr/lib/jvm/java-7-openjdk-i386/jre/lib/i386/libzip.so
b5a08000-b5a09000 r--p 00007000 08:01 787625     /usr/lib/jvm/java-7-openjdk-i386/jre/lib/i386/libzip.so
b5a09000-b5a0a000 rw-p 00008000 08:01 787625     /usr/lib/jvm/java-7-openjdk-i386/jre/lib/i386/libzip.so
b5a0a000-b5a14000 r-xp 00000000 08:01 5636273    /lib/i386-linux-gnu/libnss_nis-2.17.so
b5a14000-b5a15000 r--p 00009000 08:01 5636273    /lib/i386-linux-gnu/libnss_nis-2.17.so
b5a15000-b5a16000 rw-p 0000a000 08:01 5636273    /lib/i386-linux-gnu/libnss_nis-2.17.so
b5a16000-b5af2000 r-xp 00000000 08:01 9175191    /usr/lib/i386-linux-gnu/libstdc++.so.6.0.17
b5af2000-b5af3000 ---p 000dc000 08:01 9175191    /usr/lib/i386-linux-gnu/libstdc++.so.6.0.17
b5af3000-b5af7000 r--p 000dc000 08:01 9175191    /usr/lib/i386-linux-gnu/libstdc++.so.6.0.17
b5af7000-b5af8000 rw-p 000e0000 08:01 9175191    /usr/lib/i386-linux-gnu/libstdc++.so.6.0.17
b5af8000-b5aff000 rw-p 00000000 00:00 0 
b5aff000-b5b02000 ---p 00000000 00:00 0 
b5b02000-b6300000 rw-p 00000000 00:00 0 
b6300000-b6327000 rw-p 00000000 00:00 0 
b6327000-b6400000 ---p 00000000 00:00 0 
b6401000-b6409000 rw-s 00000000 08:01 265637     /tmp/hsperfdata_ed/9535
b6409000-b6424000 r-xp 00000000 08:01 5636383    /lib/i386-linux-gnu/libgcc_s.so.1
b6424000-b6425000 r--p 0001a000 08:01 5636383    /lib/i386-linux-gnu/libgcc_s.so.1
b6425000-b6426000 rw-p 0001b000 08:01 5636383    /lib/i386-linux-gnu/libgcc_s.so.1
b6426000-b64b3000 r-xp 00000000 08:01 9321037    /usr/local/lib/python2.7/dist-packages/_jpype.so
b64b3000-b64b5000 r--p 0008c000 08:01 9321037    /usr/local/lib/python2.7/dist-packages/_jpype.so
b64b5000-b64b7000 rw-p 0008e000 08:01 9321037    /usr/local/lib/python2.7/dist-packages/_jpype.so
b64b7000-b64c2000 r-xp 00000000 08:01 5636267    /lib/i386-linux-gnu/libnss_files-2.17.so
b64c2000-b64c3000 r--p 0000a000 08:01 5636267    /lib/i386-linux-gnu/libnss_files-2.17.so
b64c3000-b64c4000 rw-p 0000b000 08:01 5636267    /lib/i386-linux-gnu/libnss_files-2.17.so
b64c4000-b64c5000 ---p 00000000 00:00 0 
b64c5000-b6cc5000 rw-p 00000000 00:00 0          [stack:9536]
b6cc5000-b6d71000 r-xp 00000000 08:01 9175542    /usr/lib/i386-linux-gnu/libsqlite3.so.0.8.6
b6d71000-b6d72000 r--p 000ac000 08:01 9175542    /usr/lib/i386-linux-gnu/libsqlite3.so.0.8.6
b6d72000-b6d73000 rw-p 000ad000 08:01 9175542    /usr/lib/i386-linux-gnu/libsqlite3.so.0.8.6
b6d73000-b6d74000 rw-p 00000000 00:00 0 
b6d76000-b6d7d000 r-xp 00000000 08:01 5636265    /lib/i386-linux-gnu/libnss_compat-2.17.so
b6d7d000-b6d7e000 r--p 00006000 08:01 5636265    /lib/i386-linux-gnu/libnss_compat-2.17.so
b6d7e000-b6d7f000 rw-p 00007000 08:01 5636265    /lib/i386-linux-gnu/libnss_compat-2.17.so
b6d7f000-b6d8c000 r-xp 00000000 08:01 792021     /usr/lib/jvm/java-7-openjdk-i386/jre/lib/i386/libverify.so
b6d8c000-b6d8d000 r--p 0000d000 08:01 792021     /usr/lib/jvm/java-7-openjdk-i386/jre/lib/i386/libverify.so
b6d8d000-b6d8e000 rw-p 0000e000 08:01 792021     /usr/lib/jvm/java-7-openjdk-i386/jre/lib/i386/libverify.so
b6d8e000-b6ed3000 rw-p 00000000 00:00 0 
b6ed5000-b6edc000 r-xp 00000000 08:01 5636263    /lib/i386-linux-gnu/librt-2.17.so
b6edc000-b6edd000 r--p 00006000 08:01 5636263    /lib/i386-linux-gnu/librt-2.17.so
b6edd000-b6ede000 rw-p 00007000 08:01 5636263    /lib/i386-linux-gnu/librt-2.17.so
b6ede000-b6eed000 r-xp 00000000 08:01 9306831    /usr/lib/python2.7/dist-packages/pysqlite2/_sqlite.so
b6eed000-b6eee000 r--p 0000e000 08:01 9306831    /usr/lib/python2.7/dist-packages/pysqlite2/_sqlite.so
b6eee000-b6ef0000 rw-p 0000f000 08:01 9306831    /usr/lib/python2.7/dist-packages/pysqlite2/_sqlite.so
b6ef0000-b6efb000 r-xp 00000000 08:01 9307060    /usr/lib/python2.7/lib-dynload/_json.i386-linux-gnu.so
b6efb000-b6efc000 r--p 0000a000 08:01 9307060    /usr/lib/python2.7/lib-dynload/_json.i386-linux-gnu.so
b6efc000-b6efd000 rw-p 0000b000 08:01 9307060    /usr/lib/python2.7/lib-dynload/_json.i386-linux-gnu.so
b6efd000-b708f000 r-xp 00000000 08:01 5636377    /lib/i386-linux-gnu/libcrypto.so.1.0.0
b708f000-b709e000 r--p 00192000 08:01 5636377    /lib/i386-linux-gnu/libcrypto.so.1.0.0
b709e000-b70a5000 rw-p 001a1000 08:01 5636377    /lib/i386-linux-gnu/libcrypto.so.1.0.0
b70a5000-b70a8000 rw-p 00000000 00:00 0 
b70a8000-b70f9000 r-xp 00000000 08:01 5636379    /lib/i386-linux-gnu/libssl.so.1.0.0
b70f9000-b70fb000 r--p 00050000 08:01 5636379    /lib/i386-linux-gnu/libssl.so.1.0.0
b70fb000-b70ff000 rw-p 00052000 08:01 5636379    /lib/i386-linux-gnu/libssl.so.1.0.0
b7102000-b7115000 r-xp 00000000 08:01 9307058    /usr/lib/python2.7/lib-dynload/datetime.i386-linux-gnu.so
b7115000-b7116000 r--p 00012000 08:01 9307058    /usr/lib/python2.7/lib-dynload/datetime.i386-linux-gnu.so
b7116000-b7119000 rw-p 00013000 08:01 9307058    /usr/lib/python2.7/lib-dynload/datetime.i386-linux-gnu.so
b7119000-b71fc000 rw-p 00000000 00:00 0 
b71fc000-b73fc000 r--p 00000000 08:01 9175169    /usr/lib/locale/locale-archive
b73fc000-b74c1000 rw-p 00000000 00:00 0 
b74c1000-b7502000 r-xp 00000000 08:01 5636266    /lib/i386-linux-gnu/libm-2.17.so
b7502000-b7503000 r--p 00040000 08:01 5636266    /lib/i386-linux-gnu/libm-2.17.so
b7503000-b7504000 rw-p 00041000 08:01 5636266    /lib/i386-linux-gnu/libm-2.17.so
b7504000-b76b1000 r-xp 00000000 08:01 5636268    /lib/i386-linux-gnu/libc-2.17.so
b76b1000-b76b3000 r--p 001ad000 08:01 5636268    /lib/i386-linux-gnu/libc-2.17.so
b76b3000-b76b4000 rw-p 001af000 08:01 5636268    /lib/i386-linux-gnu/libc-2.17.so
b76b4000-b76b7000 rw-p 00000000 00:00 0 
b76b7000-b76ce000 r-xp 00000000 08:01 5636295    /lib/i386-linux-gnu/libz.so.1.2.7
b76ce000-b76cf000 r--p 00016000 08:01 5636295    /lib/i386-linux-gnu/libz.so.1.2.7
b76cf000-b76d0000 rw-p 00017000 08:01 5636295    /lib/i386-linux-gnu/libz.so.1.2.7
b76d0000-b76d2000 r-xp 00000000 08:01 5636280    /lib/i386-linux-gnu/libutil-2.17.so
b76d2000-b76d3000 r--p 00001000 08:01 5636280    /lib/i386-linux-gnu/libutil-2.17.so
b76d3000-b76d4000 rw-p 00002000 08:01 5636280    /lib/i386-linux-gnu/libutil-2.17.so
b76d4000-b76d5000 rw-p 00000000 00:00 0 
b76d5000-b76d8000 r-xp 00000000 08:01 5636277    /lib/i386-linux-gnu/libdl-2.17.so
b76d8000-b76d9000 r--p 00002000 08:01 5636277    /lib/i386-linux-gnu/libdl-2.17.so
b76d9000-b76da000 rw-p 00003000 08:01 5636277    /lib/i386-linux-gnu/libdl-2.17.so
b76da000-b76f1000 r-xp 00000000 08:01 5636272    /lib/i386-linux-gnu/libpthread-2.17.so
b76f1000-b76f2000 r--p 00016000 08:01 5636272    /lib/i386-linux-gnu/libpthread-2.17.so
b76f2000-b76f3000 rw-p 00017000 08:01 5636272    /lib/i386-linux-gnu/libpthread-2.17.so
b76f3000-b76f5000 rw-p 00000000 00:00 0 
b76f6000-b76f7000 r--p 00000000 08:01 535075     /usr/share/locale-langpack/en_GB/LC_MESSAGES/libc.mo
b76f7000-b76f8000 rw-p 00000000 00:00 0 
b76f8000-b76f9000 r--p 00000000 00:00 0 
b76f9000-b76fa000 rw-p 00000000 00:00 0 
b76fa000-b76fd000 r-xp 00000000 08:01 9307061    /usr/lib/python2.7/lib-dynload/termios.i386-linux-gnu.so
b76fd000-b76fe000 r--p 00002000 08:01 9307061    /usr/lib/python2.7/lib-dynload/termios.i386-linux-gnu.so
b76fe000-b7700000 rw-p 00003000 08:01 9307061    /usr/lib/python2.7/lib-dynload/termios.i386-linux-gnu.so
b7700000-b7703000 r-xp 00000000 08:01 9307073    /usr/lib/python2.7/lib-dynload/_hashlib.i386-linux-gnu.so
b7703000-b7704000 r--p 00002000 08:01 9307073    /usr/lib/python2.7/lib-dynload/_hashlib.i386-linux-gnu.so
b7704000-b7705000 rw-p 00003000 08:01 9307073    /usr/lib/python2.7/lib-dynload/_hashlib.i386-linux-gnu.so
b7705000-b770c000 r-xp 00000000 08:01 9307083    /usr/lib/python2.7/lib-dynload/_ssl.i386-linux-gnu.so
b770c000-b770d000 r--p 00006000 08:01 9307083    /usr/lib/python2.7/lib-dynload/_ssl.i386-linux-gnu.so
b770d000-b770e000 rw-p 00007000 08:01 9307083    /usr/lib/python2.7/lib-dynload/_ssl.i386-linux-gnu.so
b770e000-b770f000 r--p 002bd000 08:01 9175169    /usr/lib/locale/locale-archive
b770f000-b7711000 rw-p 00000000 00:00 0 
b7711000-b7712000 r-xp 00000000 00:00 0          [vdso]
b7712000-b7732000 r-xp 00000000 08:01 5636281    /lib/i386-linux-gnu/ld-2.17.so
b7732000-b7733000 r--p 0001f000 08:01 5636281    /lib/i386-linux-gnu/ld-2.17.so
b7733000-b7734000 rw-p 00020000 08:01 5636281    /lib/i386-linux-gnu/ld-2.17.so
bfd5e000-bfd7f000 rw-p 00000000 00:00 0          [stack]

VM Arguments:
jvm_args: -Djava.ext.dirs=/home/ed/Documents/Ed's Documents/Work/Birmingham University/PhD/sandpit/stripey/stripey_dj/stripey_lib/collatex 
java_command: <unknown>
Launcher Type: generic

Environment Variables:
PATH=/usr/lib/i386-linux-gnu/qt4/bin:/usr/local/sbin:/usr/local/bin:/usr/sbin:/usr/bin:/sbin:/bin:/usr/games:/usr/local/games
SHELL=/bin/bash
DISPLAY=:0

Signal Handlers:
SIGSEGV: [libjvm.so+0x49e740], sa_mask[0]=0x7ffbfeff, sa_flags=0x10000004
SIGBUS: [libjvm.so+0x49e740], sa_mask[0]=0x7ffbfeff, sa_flags=0x10000004
SIGFPE: [libjvm.so+0x39cb80], sa_mask[0]=0x7ffbfeff, sa_flags=0x10000004
SIGPIPE: [libjvm.so+0x39cb80], sa_mask[0]=0x7ffbfeff, sa_flags=0x10000004
SIGXFSZ: [libjvm.so+0x39cb80], sa_mask[0]=0x7ffbfeff, sa_flags=0x10000004
SIGILL: [libjvm.so+0x39cb80], sa_mask[0]=0x7ffbfeff, sa_flags=0x10000004
SIGUSR1: SIG_DFL, sa_mask[0]=0x00000000, sa_flags=0x00000000
SIGUSR2: [libjvm.so+0x39ca30], sa_mask[0]=0x00000000, sa_flags=0x10000004
SIGHUP: [libjvm.so+0x39cfc0], sa_mask[0]=0x7ffbfeff, sa_flags=0x10000004
SIGINT: [libjvm.so+0x39cfc0], sa_mask[0]=0x7ffbfeff, sa_flags=0x10000004
SIGTERM: [libjvm.so+0x39cfc0], sa_mask[0]=0x7ffbfeff, sa_flags=0x10000004
SIGQUIT: [libjvm.so+0x39cfc0], sa_mask[0]=0x7ffbfeff, sa_flags=0x10000004


---------------  S Y S T E M  ---------------

OS:Ubuntu 13.04 (raring)
uname:Linux 3.8.0-22-generic #33-Ubuntu SMP Thu May 16 15:17:59 UTC 2013 i686
libc:glibc 2.17 NPTL 2.17 
rlimit: STACK 8192k, CORE 0k, NPROC 7709, NOFILE 4096, AS infinity
load average:3.15 2.60 1.56

/proc/meminfo:
MemTotal:        1017440 kB
MemFree:          156756 kB
Buffers:           27704 kB
Cached:           439064 kB
SwapCached:        13456 kB
Active:           332828 kB
Inactive:         455452 kB
Active(anon):     145188 kB
Inactive(anon):   234740 kB
Active(file):     187640 kB
Inactive(file):   220712 kB
Unevictable:           0 kB
Mlocked:               0 kB
HighTotal:        125768 kB
HighFree:           1672 kB
LowTotal:         891672 kB
LowFree:          155084 kB
SwapTotal:       1037308 kB
SwapFree:        1010072 kB
Dirty:               224 kB
Writeback:             0 kB
AnonPages:        309404 kB
Mapped:           115180 kB
Shmem:             58412 kB
Slab:              43872 kB
SReclaimable:      26312 kB
SUnreclaim:        17560 kB
KernelStack:        2648 kB
PageTables:         8800 kB
NFS_Unstable:          0 kB
Bounce:                0 kB
WritebackTmp:          0 kB
CommitLimit:     1546028 kB
Committed_AS:    1970300 kB
VmallocTotal:     122880 kB
VmallocUsed:       10676 kB
VmallocChunk:     110276 kB
HardwareCorrupted:     0 kB
AnonHugePages:         0 kB
HugePages_Total:       0
HugePages_Free:        0
HugePages_Rsvd:        0
HugePages_Surp:        0
Hugepagesize:       2048 kB
DirectMap4k:       14328 kB
DirectMap2M:      899072 kB


CPU:total 2 (1 cores per cpu, 2 threads per core) family 6 model 28 stepping 2, cmov, cx8, fxsr, mmx, sse, sse2, sse3, ssse3, ht, tsc

/proc/cpuinfo:
processor	: 0
vendor_id	: GenuineIntel
cpu family	: 6
model		: 28
model name	: Intel(R) Atom(TM) CPU N270   @ 1.60GHz
stepping	: 2
microcode	: 0x212
cpu MHz		: 1600.000
cache size	: 512 KB
physical id	: 0
siblings	: 1
core id		: 0
cpu cores	: 1
apicid		: 0
initial apicid	: 0
fdiv_bug	: no
hlt_bug		: no
f00f_bug	: no
coma_bug	: no
fpu		: yes
fpu_exception	: yes
cpuid level	: 10
wp		: yes
flags		: fpu vme de pse tsc msr pae mce cx8 apic sep mtrr pge mca cmov pat clflush dts acpi mmx fxsr sse sse2 ss ht tm pbe nx constant_tsc arch_perfmon pebs bts aperfmperf pni dtes64 monitor ds_cpl est tm2 ssse3 xtpr pdcm movbe lahf_lm dtherm
bogomips	: 3192.15
clflush size	: 64
cache_alignment	: 64
address sizes	: 32 bits physical, 32 bits virtual
power management:

processor	: 1
vendor_id	: GenuineIntel
cpu family	: 6
model		: 28
model name	: Intel(R) Atom(TM) CPU N270   @ 1.60GHz
stepping	: 2
microcode	: 0x212
cpu MHz		: 800.000
cache size	: 512 KB
physical id	: 0
siblings	: 1
core id		: 0
cpu cores	: 0
apicid		: 1
initial apicid	: 1
fdiv_bug	: no
hlt_bug		: no
f00f_bug	: no
coma_bug	: no
fpu		: yes
fpu_exception	: yes
cpuid level	: 10
wp		: yes
flags		: fpu vme de pse tsc msr pae mce cx8 apic sep mtrr pge mca cmov pat clflush dts acpi mmx fxsr sse sse2 ss ht tm pbe nx constant_tsc arch_perfmon pebs bts aperfmperf pni dtes64 monitor ds_cpl est tm2 ssse3 xtpr pdcm movbe lahf_lm dtherm
bogomips	: 3192.15
clflush size	: 64
cache_alignment	: 64
address sizes	: 32 bits physical, 32 bits virtual
power management:



Memory: 4k page, physical 1017440k(156756k free), swap 1037308k(1010072k free)

vm_info: OpenJDK Client VM (23.7-b01) for linux-x86 JRE (1.7.0_21-b02), built on Apr 22 2013 07:43:42 by "buildd" with gcc 4.7.3

time: Tue Jun 18 12:41:22 2013
elapsed time: 32 seconds

